S:\MESHREADER\RECASTLAYER\RELEASE\.NETFRAMEWORK,VERSION=V4.0.ASSEMBLYATTRIBUTES.OBJ
S:\meshReader\RecastLayer\Release\cl.command.1.tlog
S:\meshReader\RecastLayer\Release\CL.read.1.tlog
S:\meshReader\RecastLayer\Release\CL.write.1.tlog
S:\MESHREADER\RECASTLAYER\RELEASE\DETOURALLOC.OBJ
S:\MESHREADER\RECASTLAYER\RELEASE\DETOURCOMMON.OBJ
S:\MESHREADER\RECASTLAYER\RELEASE\DETOURLAYER.OBJ
S:\MESHREADER\RECASTLAYER\RELEASE\DETOURNAVMESH.OBJ
S:\MESHREADER\RECASTLAYER\RELEASE\DETOURNAVMESHBUILDER.OBJ
S:\MESHREADER\RECASTLAYER\RELEASE\DETOURNAVMESHQUERY.OBJ
S:\MESHREADER\RECASTLAYER\RELEASE\DETOURNODE.OBJ
S:\MESHREADER\RECASTLAYER\RELEASE\DETOUROBSTACLEAVOIDANCE.OBJ
S:\meshReader\RecastLayer\Release\link.command.1.tlog
S:\meshReader\RecastLayer\Release\link.read.1.tlog
S:\meshReader\RecastLayer\Release\link.write.1.tlog
S:\meshReader\RecastLayer\Release\mt.command.1.tlog
S:\meshReader\RecastLayer\Release\mt.read.1.tlog
S:\meshReader\RecastLayer\Release\mt.write.1.tlog
S:\MESHREADER\RECASTLAYER\RELEASE\RECAST.OBJ
S:\MESHREADER\RECASTLAYER\RELEASE\RECASTALLOC.OBJ
S:\MESHREADER\RECASTLAYER\RELEASE\RECASTAREA.OBJ
S:\MESHREADER\RECASTLAYER\RELEASE\RECASTCONTOUR.OBJ
S:\MESHREADER\RECASTLAYER\RELEASE\RECASTFILTER.OBJ
S:\MESHREADER\RECASTLAYER\RELEASE\RECASTLAYER.DLL.INTERMEDIATE.MANIFEST
S:\MESHREADER\RECASTLAYER\RELEASE\RECASTLAYER.OBJ
S:\MESHREADER\RECASTLAYER\RELEASE\RECASTMESH.OBJ
S:\MESHREADER\RECASTLAYER\RELEASE\RECASTMESHDETAIL.OBJ
S:\MESHREADER\RECASTLAYER\RELEASE\RECASTRASTERIZATION.OBJ
S:\MESHREADER\RECASTLAYER\RELEASE\RECASTREGION.OBJ
S:\MESHREADER\RECASTLAYER\RELEASE\VC100.PDB
S:\MESHREADER\RELEASE\RECASTLAYER.DLL
S:\MESHREADER\RELEASE\RECASTLAYER.PDB
